TN:
SF:C:\Users\User\Desktop\quick-credit\server/app.js
FN:25,(anonymous_1)
FN:31,(anonymous_2)
FNF:2
FNH:0
FNDA:0,(anonymous_1)
FNDA:0,(anonymous_2)
DA:1,1
DA:2,1
DA:3,1
DA:4,1
DA:5,1
DA:6,1
DA:7,1
DA:8,1
DA:10,1
DA:12,1
DA:14,1
DA:16,1
DA:17,1
DA:20,1
DA:21,1
DA:22,1
DA:23,1
DA:25,1
DA:26,0
DA:27,0
DA:28,0
DA:31,1
DA:32,0
DA:33,0
DA:39,1
DA:42,1
LF:26
LH:21
BRDA:12,0,0,1
BRDA:12,0,1,1
BRDA:32,1,0,0
BRDA:32,1,1,0
BRF:4
BRH:2
end_of_record
TN:
SF:C:\Users\User\Desktop\quick-credit\server\controllers/authController.js
FN:9,register
FN:27,(anonymous_2)
FNF:2
FNH:2
FNDA:6,register
FNDA:4,(anonymous_2)
DA:1,1
DA:2,1
DA:3,1
DA:4,1
DA:5,1
DA:6,1
DA:7,1
DA:9,1
DA:10,3
DA:13,3
DA:15,3
DA:17,3
DA:18,1
DA:19,1
DA:20,3
DA:22,1
DA:27,4
DA:28,2
DA:29,1
DA:34,1
DA:35,1
DA:36,1
DA:37,1
DA:38,1
DA:41,1
DA:42,1
DA:43,1
DA:44,1
DA:61,3
DA:62,3
DA:64,3
DA:66,3
DA:67,0
DA:68,0
DA:69,0
DA:71,0
DA:76,3
DA:77,6
DA:78,2
DA:79,2
DA:80,2
DA:81,2
DA:82,2
DA:83,2
DA:84,2
DA:85,2
DA:86,1
DA:87,1
DA:94,1
DA:100,1
DA:104,1
LF:51
LH:47
BRDA:17,0,0,1
BRDA:17,0,1,2
BRDA:28,1,0,1
BRDA:28,1,1,1
BRDA:66,2,0,0
BRDA:66,2,1,3
BRDA:77,3,0,2
BRDA:77,3,1,4
BRDA:85,4,0,1
BRDA:85,4,1,1
BRF:10
BRH:9
end_of_record
TN:
SF:C:\Users\User\Desktop\quick-credit\server\controllers/loanController.js
FN:7,retrieveLoans
FN:13,(anonymous_2)
FN:50,(anonymous_4)
FN:92,(anonymous_6)
FN:131,(anonymous_8)
FNF:5
FNH:5
FNDA:10,retrieveLoans
FNDA:6,(anonymous_2)
FNDA:8,(anonymous_4)
FNDA:8,(anonymous_6)
FNDA:8,(anonymous_8)
DA:1,1
DA:2,1
DA:3,1
DA:4,1
DA:5,1
DA:7,1
DA:11,1
DA:12,1
DA:13,6
DA:15,1
DA:16,0
DA:20,1
DA:21,1
DA:26,0
DA:34,3
DA:35,3
DA:36,3
DA:43,3
DA:44,1
DA:50,8
DA:51,2
DA:52,1
DA:57,1
DA:63,3
DA:66,3
DA:68,3
DA:70,3
DA:71,1
DA:72,1
DA:73,1
DA:75,1
DA:81,2
DA:82,2
DA:83,2
DA:84,2
DA:85,2
DA:86,2
DA:87,2
DA:88,2
DA:92,8
DA:93,2
DA:94,1
DA:99,1
DA:115,3
DA:116,3
DA:117,3
DA:124,3
DA:125,1
DA:131,8
DA:132,2
DA:133,1
DA:134,1
DA:139,1
DA:146,1
LF:54
LH:52
BRDA:13,0,0,6
BRDA:13,0,1,0
BRDA:15,1,0,0
BRDA:15,1,1,1
BRDA:20,2,0,1
BRDA:20,2,1,0
BRDA:20,3,0,1
BRDA:20,3,1,1
BRDA:20,3,2,1
BRDA:43,4,0,1
BRDA:43,4,1,2
BRDA:51,5,0,1
BRDA:51,5,1,1
BRDA:70,6,0,1
BRDA:70,6,1,2
BRDA:93,7,0,1
BRDA:93,7,1,1
BRDA:124,8,0,1
BRDA:124,8,1,2
BRDA:132,9,0,1
BRDA:132,9,1,1
BRF:21
BRH:18
end_of_record
TN:
SF:C:\Users\User\Desktop\quick-credit\server\controllers/repaymentController.js
FN:7,loanRepaymentHistory
FN:11,(anonymous_2)
FN:38,(anonymous_4)
FN:39,(anonymous_5)
FNF:4
FNH:4
FNDA:5,loanRepaymentHistory
FNDA:24,(anonymous_2)
FNDA:11,(anonymous_4)
FNDA:12,(anonymous_5)
DA:1,1
DA:2,1
DA:3,1
DA:4,1
DA:5,1
DA:7,1
DA:9,3
DA:10,3
DA:11,24
DA:12,3
DA:18,3
DA:19,1
DA:23,2
DA:24,1
DA:29,1
DA:36,2
DA:37,2
DA:38,11
DA:39,12
DA:40,2
DA:46,2
DA:47,0
DA:52,2
DA:53,0
DA:58,2
DA:59,1
DA:68,1
DA:69,1
DA:71,1
DA:72,0
DA:73,0
DA:74,0
DA:76,0
DA:82,1
DA:83,1
DA:84,1
DA:85,1
DA:86,1
DA:87,1
DA:88,1
DA:89,1
DA:90,1
DA:93,1
DA:111,1
LF:44
LH:38
BRDA:18,0,0,1
BRDA:18,0,1,2
BRDA:23,1,0,1
BRDA:23,1,1,1
BRDA:38,2,0,11
BRDA:38,2,1,2
BRDA:39,3,0,12
BRDA:39,3,1,2
BRDA:46,4,0,0
BRDA:46,4,1,2
BRDA:52,5,0,0
BRDA:52,5,1,2
BRDA:58,6,0,1
BRDA:58,6,1,1
BRDA:71,7,0,0
BRDA:71,7,1,1
BRF:16
BRH:13
end_of_record
TN:
SF:C:\Users\User\Desktop\quick-credit\server\controllers/userController.js
FN:5,getAllUsers
FN:39,(anonymous_3)
FN:67,(anonymous_5)
FNF:3
FNH:3
FNDA:7,getAllUsers
FNDA:5,(anonymous_3)
FNDA:5,(anonymous_5)
DA:1,1
DA:2,1
DA:3,1
DA:5,1
DA:9,1
DA:10,0
DA:15,1
DA:24,3
DA:25,3
DA:26,3
DA:33,3
DA:34,1
DA:39,5
DA:40,2
DA:41,1
DA:46,1
DA:52,3
DA:53,3
DA:54,3
DA:61,3
DA:62,1
DA:67,5
DA:68,2
DA:69,1
DA:70,1
DA:75,1
DA:82,1
LF:27
LH:26
BRDA:9,0,0,0
BRDA:9,0,1,1
BRDA:33,1,0,1
BRDA:33,1,1,2
BRDA:40,2,0,1
BRDA:40,2,1,1
BRDA:61,3,0,1
BRDA:61,3,1,2
BRDA:68,4,0,1
BRDA:68,4,1,1
BRF:10
BRH:9
end_of_record
TN:
SF:C:\Users\User\Desktop\quick-credit\server\data/mock.js
FNF:0
FNH:0
DA:1,1
DA:3,1
DA:39,1
DA:115,1
DA:214,1
LF:5
LH:5
BRF:0
BRH:0
end_of_record
TN:
SF:C:\Users\User\Desktop\quick-credit\server\helpers/validation.js
FNF:0
FNH:0
DA:1,1
DA:3,1
DA:13,1
DA:18,1
DA:23,1
DA:27,1
DA:35,1
DA:40,1
DA:46,1
LF:9
LH:9
BRF:0
BRH:0
end_of_record
TN:
SF:C:\Users\User\Desktop\quick-credit\server\models/Loan.js
FN:2,Loan
FNF:1
FNH:1
FNDA:2,Loan
DA:2,2
DA:3,2
DA:4,2
DA:5,2
DA:6,2
DA:7,2
DA:8,2
DA:9,2
DA:10,2
DA:11,2
DA:12,2
DA:16,1
LF:12
LH:12
BRF:0
BRH:0
end_of_record
TN:
SF:C:\Users\User\Desktop\quick-credit\server\models/Repayment.js
FN:2,Repayment
FNF:1
FNH:1
FNDA:1,Repayment
DA:2,1
DA:3,1
DA:4,1
DA:5,1
DA:6,1
DA:7,1
DA:8,1
DA:9,1
DA:10,1
DA:14,1
LF:10
LH:10
BRF:0
BRH:0
end_of_record
TN:
SF:C:\Users\User\Desktop\quick-credit\server\models/User.js
FN:2,User
FNF:1
FNH:1
FNDA:1,User
DA:2,1
DA:3,1
DA:4,1
DA:5,1
DA:6,1
DA:7,1
DA:8,1
DA:9,1
DA:10,1
DA:11,1
DA:15,1
LF:11
LH:11
BRF:0
BRH:0
end_of_record
TN:
SF:C:\Users\User\Desktop\quick-credit\server\routes/admin.routes.js
FNF:0
FNH:0
DA:1,1
DA:2,1
DA:3,1
DA:4,1
DA:6,1
DA:8,1
DA:9,1
DA:10,1
DA:11,1
DA:12,1
DA:13,1
DA:14,1
DA:15,1
DA:17,1
LF:14
LH:14
BRF:0
BRH:0
end_of_record
TN:
SF:C:\Users\User\Desktop\quick-credit\server\routes/auth.routes.js
FNF:0
FNH:0
DA:1,1
DA:2,1
DA:4,1
DA:6,1
DA:7,1
DA:9,1
LF:6
LH:6
BRF:0
BRH:0
end_of_record
TN:
SF:C:\Users\User\Desktop\quick-credit\server\routes/client.routes.js
FNF:0
FNH:0
DA:1,1
DA:2,1
DA:5,1
DA:7,1
DA:9,1
LF:5
LH:5
BRF:0
BRH:0
end_of_record
